2024-10-23 13:02:02 INFO  com.supai.app.Application - Starting Application using Java 21.0.3 with PID 25236 (D:\MonuChoudhary\PlayGround\SupaiInfotechProject\Yahoo_OTCS_FileOrganizer\C005_DocFromYahooOtcsToGdrive\target\classes started by supai in D:\MonuChoudhary\PlayGround\SupaiInfotechProject\Yahoo_OTCS_FileOrganizer\C005_DocFromYahooOtcsToGdrive)
2024-10-23 13:02:02 INFO  com.supai.app.Application - No active profile set, falling back to 1 default profile: "default"
2024-10-23 13:02:03 INFO  o.s.b.w.e.tomcat.TomcatWebServer - Tomcat initialized with port 8080 (http)
2024-10-23 13:02:03 INFO  o.a.coyote.http11.Http11NioProtocol - Initializing ProtocolHandler ["http-nio-8080"]
2024-10-23 13:02:03 INFO  o.a.catalina.core.StandardService - Starting service [Tomcat]
2024-10-23 13:02:03 INFO  o.a.catalina.core.StandardEngine - Starting Servlet engine: [Apache Tomcat/10.1.30]
2024-10-23 13:02:03 INFO  o.a.c.c.C.[Tomcat].[localhost].[/] - Initializing Spring embedded WebApplicationContext
2024-10-23 13:02:03 INFO  o.s.b.w.s.c.ServletWebServerApplicationContext - Root WebApplicationContext: initialization completed in 1189 ms
2024-10-23 13:02:04 INFO  o.a.coyote.http11.Http11NioProtocol - Starting ProtocolHandler ["http-nio-8080"]
2024-10-23 13:02:04 INFO  o.s.b.w.e.tomcat.TomcatWebServer - Tomcat started on port 8080 (http) with context path '/'
2024-10-23 13:02:04 INFO  com.supai.app.Application - Started Application in 2.03 seconds (process running for 2.784)
2024-10-23 13:02:28 INFO  o.a.c.c.C.[Tomcat].[localhost].[/] - Initializing Spring DispatcherServlet 'dispatcherServlet'
2024-10-23 13:02:28 INFO  o.s.web.servlet.DispatcherServlet - Initializing Servlet 'dispatcherServlet'
2024-10-23 13:02:28 INFO  o.s.web.servlet.DispatcherServlet - Completed initialization in 0 ms
2024-10-23 13:02:38 INFO  c.supai.app.services.common.JsonObj - downloading is successfull. Status: 200 OK
2024-10-23 13:02:38 INFO  c.supai.app.services.common.JsonObj - Document downloaded successfully: Test Document1.docx
2024-10-23 13:02:38 INFO  c.supai.app.services.common.JsonObj - Searching for folder: Procurement/Sourcing Contract Template in root folder: 1c8Xb83xM26YQMNYd2L91mBzFYyHMAZus
2024-10-23 13:02:38 INFO  c.supai.app.services.common.JsonObj - Fetching subfolders in root folder: 1c8Xb83xM26YQMNYd2L91mBzFYyHMAZus
2024-10-23 13:02:40 INFO  c.supai.app.services.common.JsonObj - Access token updated successfully.
2024-10-23 13:02:40 INFO  c.supai.app.services.common.JsonObj - New access token received and set.
2024-10-23 13:02:40 INFO  c.supai.app.services.common.JsonObj - Retrying fetch subfolders after refreshing token for root folder: 1c8Xb83xM26YQMNYd2L91mBzFYyHMAZus
2024-10-23 13:02:41 INFO  c.supai.app.services.common.JsonObj - Found folder: Procurement/Sourcing Contract Template with id: 1PQGwGVKKxs6UczTnt1OV7MmaR-Buu--X
2024-10-23 13:02:41 INFO  c.supai.app.services.common.JsonObj - Searching for folder: IT in root folder: 1PQGwGVKKxs6UczTnt1OV7MmaR-Buu--X
2024-10-23 13:02:41 INFO  c.supai.app.services.common.JsonObj - Fetching subfolders in root folder: 1PQGwGVKKxs6UczTnt1OV7MmaR-Buu--X
2024-10-23 13:02:42 INFO  c.supai.app.services.common.JsonObj - Found folder: IT with id: 1F8dq-uzD-7GVQho_-U_p2B0BhZQm-zfB
2024-10-23 13:02:43 INFO  c.supai.app.services.common.JsonObj - Document: Test Document1.docx already present in GDrive folder: 1F8dq-uzD-7GVQho_-U_p2B0BhZQm-zfB
2024-10-23 13:02:43 INFO  c.supai.app.services.common.JsonObj - downloading is successfull. Status: 200 OK
2024-10-23 13:02:43 INFO  c.supai.app.services.common.JsonObj - Document downloaded successfully: Demo
2024-10-23 13:02:43 INFO  c.supai.app.services.common.JsonObj - Searching for folder: Procurement/Sourcing Contract Template in root folder: 1c8Xb83xM26YQMNYd2L91mBzFYyHMAZus
2024-10-23 13:02:43 INFO  c.supai.app.services.common.JsonObj - Fetching subfolders in root folder: 1c8Xb83xM26YQMNYd2L91mBzFYyHMAZus
2024-10-23 13:02:44 INFO  c.supai.app.services.common.JsonObj - Found folder: Procurement/Sourcing Contract Template with id: 1PQGwGVKKxs6UczTnt1OV7MmaR-Buu--X
2024-10-23 13:02:44 INFO  c.supai.app.services.common.JsonObj - Searching for folder: IT in root folder: 1PQGwGVKKxs6UczTnt1OV7MmaR-Buu--X
2024-10-23 13:02:44 INFO  c.supai.app.services.common.JsonObj - Fetching subfolders in root folder: 1PQGwGVKKxs6UczTnt1OV7MmaR-Buu--X
2024-10-23 13:02:44 INFO  c.supai.app.services.common.JsonObj - Found folder: IT with id: 1F8dq-uzD-7GVQho_-U_p2B0BhZQm-zfB
2024-10-23 13:02:45 INFO  c.supai.app.services.common.JsonObj - Document: Demo already present in GDrive folder: 1F8dq-uzD-7GVQho_-U_p2B0BhZQm-zfB
2024-10-23 13:02:45 INFO  c.supai.app.services.common.JsonObj - downloading is successfull. Status: 200 OK
2024-10-23 13:02:45 INFO  c.supai.app.services.common.JsonObj - Document downloaded successfully: Test Document.docx
2024-10-23 13:02:45 INFO  c.supai.app.services.common.JsonObj - Searching for folder: Procurement/Sourcing Contract Template in root folder: 1c8Xb83xM26YQMNYd2L91mBzFYyHMAZus
2024-10-23 13:02:45 INFO  c.supai.app.services.common.JsonObj - Fetching subfolders in root folder: 1c8Xb83xM26YQMNYd2L91mBzFYyHMAZus
2024-10-23 13:02:47 INFO  c.supai.app.services.common.JsonObj - Found folder: Procurement/Sourcing Contract Template with id: 1PQGwGVKKxs6UczTnt1OV7MmaR-Buu--X
2024-10-23 13:02:47 INFO  c.supai.app.services.common.JsonObj - Searching for folder: Software in root folder: 1PQGwGVKKxs6UczTnt1OV7MmaR-Buu--X
2024-10-23 13:02:47 INFO  c.supai.app.services.common.JsonObj - Fetching subfolders in root folder: 1PQGwGVKKxs6UczTnt1OV7MmaR-Buu--X
2024-10-23 13:02:48 INFO  c.supai.app.services.common.JsonObj - Found folder: Software with id: 1nAfWWd0AZ2RL-s7-6jjMQRuV3D-1uaKi
2024-10-23 13:02:50 INFO  c.supai.app.services.common.JsonObj - Document: Test Document.docx already present in GDrive folder: 1nAfWWd0AZ2RL-s7-6jjMQRuV3D-1uaKi
2024-10-23 13:02:55 INFO  c.supai.app.services.common.JsonObj - downloading is successfull. Status: 200 OK
2024-10-23 13:02:55 INFO  c.supai.app.services.common.JsonObj - Document downloaded successfully: SOAR Functional Design - xECM SF OpenText S012.docx
2024-10-23 13:02:55 INFO  c.supai.app.services.common.JsonObj - Searching for folder: Procurement/Sourcing Contract Template in root folder: 1c8Xb83xM26YQMNYd2L91mBzFYyHMAZus
2024-10-23 13:02:55 INFO  c.supai.app.services.common.JsonObj - Fetching subfolders in root folder: 1c8Xb83xM26YQMNYd2L91mBzFYyHMAZus
2024-10-23 13:02:56 INFO  c.supai.app.services.common.JsonObj - Found folder: Procurement/Sourcing Contract Template with id: 1PQGwGVKKxs6UczTnt1OV7MmaR-Buu--X
2024-10-23 13:02:56 INFO  c.supai.app.services.common.JsonObj - Searching for folder: Software in root folder: 1PQGwGVKKxs6UczTnt1OV7MmaR-Buu--X
2024-10-23 13:02:56 INFO  c.supai.app.services.common.JsonObj - Fetching subfolders in root folder: 1PQGwGVKKxs6UczTnt1OV7MmaR-Buu--X
2024-10-23 13:02:56 INFO  c.supai.app.services.common.JsonObj - Found folder: Software with id: 1nAfWWd0AZ2RL-s7-6jjMQRuV3D-1uaKi
2024-10-23 13:02:57 INFO  c.supai.app.services.common.JsonObj - Document: SOAR Functional Design - xECM SF OpenText S012.docx already present in GDrive folder: 1nAfWWd0AZ2RL-s7-6jjMQRuV3D-1uaKi
